# JRE version: Java(TM) SE Runtime Environment (19.0.2+7) (build 19.0.2+7-44)
# Java VM: Java HotSpot(TM) 64-Bit Server VM (19.0.2+7-44, mixed mode, sharing, tiered, compressed oops, compressed class ptrs, g1 gc, windows-amd64)
GC Precious Log:
 CardTable entry size: 512
 Card Set container configuration: InlinePtr #cards 5 size 8 Array Of Cards #cards 12 size 40 Howl #buckets 4 coarsen threshold 1843 Howl Bitmap #cards 512 size 80 coarsen threshold 460 Card regions per heap region 1 cards per card region 2048
 CPUs: 4 total, 4 available
 Memory: 8069M
 Large Page Support: Disabled
 NUMA Support: Disabled
 Compressed Oops: Enabled (32-bit)
 Heap Region Size: 1M
 Heap Min Capacity: 8M
 Heap Initial Capacity: 128M
 Heap Max Capacity: 2018M
 Pre-touch: Disabled
 Parallel Workers: 4
 Concurrent Workers: 1
 Concurrent Refinement Workers: 4
 Periodic GC: Disabled
Heap:
 garbage-first heap   total 73728K, used 46735K [0x0000000081e00000, 0x0000000100000000)
  region size 1024K, 26 young (26624K), 5 survivors (5120K)
 Metaspace       used 61709K, committed 62336K, reserved 1114112K
  class space    used 8213K, committed 8512K, reserved 1048576K
GC Heap History (20 events):
Event: 4.534 GC heap before
{Heap before GC invocations=5 (full 0):
 garbage-first heap   total 51200K, used 36984K [0x0000000081e00000, 0x0000000100000000)
  region size 1024K, 30 young (30720K), 7 survivors (7168K)
 Metaspace       used 25678K, committed 26112K, reserved 1114112K
  class space    used 3149K, committed 3328K, reserved 1048576K
}
Event: 4.557 GC heap after
{Heap after GC invocations=6 (full 0):
 garbage-first heap   total 51200K, used 16341K [0x0000000081e00000, 0x0000000100000000)
  region size 1024K, 4 young (4096K), 4 survivors (4096K)
 Metaspace       used 25678K, committed 26112K, reserved 1114112K
  class space    used 3149K, committed 3328K, reserved 1048576K
}
Event: 4.665 GC heap before
{Heap before GC invocations=6 (full 0):
 garbage-first heap   total 51200K, used 17365K [0x0000000081e00000, 0x0000000100000000)
  region size 1024K, 5 young (5120K), 4 survivors (4096K)
 Metaspace       used 26102K, committed 26496K, reserved 1114112K
  class space    used 3198K, committed 3392K, reserved 1048576K
}
Event: 4.673 GC heap after
{Heap after GC invocations=7 (full 0):
 garbage-first heap   total 51200K, used 16528K [0x0000000081e00000, 0x0000000100000000)
  region size 1024K, 1 young (1024K), 1 survivors (1024K)
 Metaspace       used 26102K, committed 26496K, reserved 1114112K
  class space    used 3198K, committed 3392K, reserved 1048576K
}
Event: 5.359 GC heap before
{Heap before GC invocations=7 (full 0):
 garbage-first heap   total 51200K, used 33936K [0x0000000081e00000, 0x0000000100000000)
  region size 1024K, 19 young (19456K), 1 survivors (1024K)
 Metaspace       used 29517K, committed 30080K, reserved 1114112K
  class space    used 3607K, committed 3840K, reserved 1048576K
}
Event: 5.364 GC heap after
{Heap after GC invocations=8 (full 0):
 garbage-first heap   total 51200K, used 17574K [0x0000000081e00000, 0x0000000100000000)
  region size 1024K, 2 young (2048K), 2 survivors (2048K)
 Metaspace       used 29517K, committed 30080K, reserved 1114112K
  class space    used 3607K, committed 3840K, reserved 1048576K
}
Event: 7.039 GC heap before
{Heap before GC invocations=8 (full 0):
 garbage-first heap   total 51200K, used 36006K [0x0000000081e00000, 0x0000000100000000)
  region size 1024K, 21 young (21504K), 2 survivors (2048K)
 Metaspace       used 34617K, committed 35136K, reserved 1114112K
  class space    used 4235K, committed 4480K, reserved 1048576K
}
Event: 7.044 GC heap after
{Heap after GC invocations=9 (full 0):
 garbage-first heap   total 51200K, used 19230K [0x0000000081e00000, 0x0000000100000000)
  region size 1024K, 2 young (2048K), 2 survivors (2048K)
 Metaspace       used 34617K, committed 35136K, reserved 1114112K
  class space    used 4235K, committed 4480K, reserved 1048576K
}
Event: 7.140 GC heap before
{Heap before GC invocations=9 (full 0):
 garbage-first heap   total 51200K, used 21278K [0x0000000081e00000, 0x0000000100000000)
  region size 1024K, 5 young (5120K), 2 survivors (2048K)
 Metaspace       used 35485K, committed 35968K, reserved 1114112K
  class space    used 4314K, committed 4544K, reserved 1048576K
}
Event: 7.144 GC heap after
{Heap after GC invocations=10 (full 0):
 garbage-first heap   total 51200K, used 19378K [0x0000000081e00000, 0x0000000100000000)
  region size 1024K, 1 young (1024K), 1 survivors (1024K)
 Metaspace       used 35485K, committed 35968K, reserved 1114112K
  class space    used 4314K, committed 4544K, reserved 1048576K
}
Event: 7.990 GC heap before
{Heap before GC invocations=11 (full 0):
 garbage-first heap   total 51200K, used 38834K [0x0000000081e00000, 0x0000000100000000)
  region size 1024K, 20 young (20480K), 1 survivors (1024K)
 Metaspace       used 40712K, committed 41216K, reserved 1114112K
  class space    used 5143K, committed 5376K, reserved 1048576K
}
Event: 7.992 GC heap after
{Heap after GC invocations=12 (full 0):
 garbage-first heap   total 51200K, used 20605K [0x0000000081e00000, 0x0000000100000000)
  region size 1024K, 2 young (2048K), 2 survivors (2048K)
 Metaspace       used 40712K, committed 41216K, reserved 1114112K
  class space    used 5143K, committed 5376K, reserved 1048576K
}
Event: 8.035 GC heap before
{Heap before GC invocations=12 (full 0):
 garbage-first heap   total 51200K, used 21629K [0x0000000081e00000, 0x0000000100000000)
  region size 1024K, 3 young (3072K), 2 survivors (2048K)
 Metaspace       used 41024K, committed 41536K, reserved 1114112K
  class space    used 5196K, committed 5440K, reserved 1048576K
}
Event: 8.038 GC heap after
{Heap after GC invocations=13 (full 0):
 garbage-first heap   total 51200K, used 20412K [0x0000000081e00000, 0x0000000100000000)
  region size 1024K, 1 young (1024K), 1 survivors (1024K)
 Metaspace       used 41024K, committed 41536K, reserved 1114112K
  class space    used 5196K, committed 5440K, reserved 1048576K
}
Event: 8.718 GC heap before
{Heap before GC invocations=13 (full 0):
 garbage-first heap   total 51200K, used 37820K [0x0000000081e00000, 0x0000000100000000)
  region size 1024K, 19 young (19456K), 1 survivors (1024K)
 Metaspace       used 47107K, committed 47680K, reserved 1114112K
  class space    used 6068K, committed 6336K, reserved 1048576K
}
Event: 8.721 GC heap after
{Heap after GC invocations=14 (full 0):
 garbage-first heap   total 73728K, used 21356K [0x0000000081e00000, 0x0000000100000000)
  region size 1024K, 2 young (2048K), 2 survivors (2048K)
 Metaspace       used 47107K, committed 47680K, reserved 1114112K
  class space    used 6068K, committed 6336K, reserved 1048576K
}
Event: 10.020 GC heap before
{Heap before GC invocations=14 (full 0):
 garbage-first heap   total 73728K, used 56172K [0x0000000081e00000, 0x0000000100000000)
  region size 1024K, 37 young (37888K), 2 survivors (2048K)
 Metaspace       used 55404K, committed 56000K, reserved 1114112K
  class space    used 7278K, committed 7552K, reserved 1048576K
}
Event: 10.027 GC heap after
{Heap after GC invocations=15 (full 0):
 garbage-first heap   total 73728K, used 23388K [0x0000000081e00000, 0x0000000100000000)
  region size 1024K, 4 young (4096K), 4 survivors (4096K)
 Metaspace       used 55404K, committed 56000K, reserved 1114112K
  class space    used 7278K, committed 7552K, reserved 1048576K
}
Event: 10.931 GC heap before
{Heap before GC invocations=15 (full 0):
 garbage-first heap   total 73728K, used 48988K [0x0000000081e00000, 0x0000000100000000)
  region size 1024K, 30 young (30720K), 4 survivors (4096K)
 Metaspace       used 59593K, committed 60288K, reserved 1114112K
  class space    used 7892K, committed 8192K, reserved 1048576K
}
Event: 10.939 GC heap after
{Heap after GC invocations=16 (full 0):
 garbage-first heap   total 73728K, used 26255K [0x0000000081e00000, 0x0000000100000000)
  region size 1024K, 5 young (5120K), 5 survivors (5120K)
 Metaspace       used 59593K, committed 60288K, reserved 1114112K
  class space    used 7892K, committed 8192K, reserved 1048576K
}

