# JRE version: Java(TM) SE Runtime Environment (19.0.2+7) (build 19.0.2+7-44)
# Java VM: Java HotSpot(TM) 64-Bit Server VM (19.0.2+7-44, mixed mode, sharing, tiered, compressed oops, compressed class ptrs, g1 gc, windows-amd64)
GC Precious Log:
 CardTable entry size: 512
 Card Set container configuration: InlinePtr #cards 5 size 8 Array Of Cards #cards 12 size 40 Howl #buckets 4 coarsen threshold 1843 Howl Bitmap #cards 512 size 80 coarsen threshold 460 Card regions per heap region 1 cards per card region 2048
 CPUs: 4 total, 4 available
 Memory: 8069M
 Large Page Support: Disabled
 NUMA Support: Disabled
 Compressed Oops: Enabled (32-bit)
 Heap Region Size: 1M
 Heap Min Capacity: 8M
 Heap Initial Capacity: 128M
 Heap Max Capacity: 2018M
 Pre-touch: Disabled
 Parallel Workers: 4
 Concurrent Workers: 1
 Concurrent Refinement Workers: 4
 Periodic GC: Disabled
Heap:
 garbage-first heap   total 51200K, used 21098K [0x0000000081e00000, 0x0000000100000000)
  region size 1024K, 2 young (2048K), 2 survivors (2048K)
 Metaspace       used 46990K, committed 47488K, reserved 1114112K
  class space    used 6042K, committed 6272K, reserved 1048576K
GC Heap History (20 events):
Event: 1.038 GC heap after
{Heap after GC invocations=2 (full 0):
 garbage-first heap   total 131072K, used 7387K [0x0000000081e00000, 0x0000000100000000)
  region size 1024K, 2 young (2048K), 2 survivors (2048K)
 Metaspace       used 6987K, committed 7296K, reserved 1114112K
  class space    used 813K, committed 960K, reserved 1048576K
}
Event: 1.607 GC heap before
{Heap before GC invocations=2 (full 0):
 garbage-first heap   total 131072K, used 37083K [0x0000000081e00000, 0x0000000100000000)
  region size 1024K, 32 young (32768K), 2 survivors (2048K)
 Metaspace       used 15396K, committed 15744K, reserved 1114112K
  class space    used 1808K, committed 1984K, reserved 1048576K
}
Event: 1.611 GC heap after
{Heap after GC invocations=3 (full 0):
 garbage-first heap   total 131072K, used 9821K [0x0000000081e00000, 0x0000000100000000)
  region size 1024K, 4 young (4096K), 4 survivors (4096K)
 Metaspace       used 15396K, committed 15744K, reserved 1114112K
  class space    used 1808K, committed 1984K, reserved 1048576K
}
Event: 2.990 GC heap before
{Heap before GC invocations=3 (full 0):
 garbage-first heap   total 131072K, used 48733K [0x0000000081e00000, 0x0000000100000000)
  region size 1024K, 44 young (45056K), 4 survivors (4096K)
 Metaspace       used 21232K, committed 21504K, reserved 1114112K
  class space    used 2499K, committed 2624K, reserved 1048576K
}
Event: 2.999 GC heap after
{Heap after GC invocations=4 (full 0):
 garbage-first heap   total 131072K, used 13331K [0x0000000081e00000, 0x0000000100000000)
  region size 1024K, 7 young (7168K), 7 survivors (7168K)
 Metaspace       used 21232K, committed 21504K, reserved 1114112K
  class space    used 2499K, committed 2624K, reserved 1048576K
}
Event: 3.868 GC heap before
{Heap before GC invocations=5 (full 0):
 garbage-first heap   total 51200K, used 36883K [0x0000000081e00000, 0x0000000100000000)
  region size 1024K, 30 young (30720K), 7 survivors (7168K)
 Metaspace       used 25679K, committed 26176K, reserved 1114112K
  class space    used 3139K, committed 3392K, reserved 1048576K
}
Event: 3.887 GC heap after
{Heap after GC invocations=6 (full 0):
 garbage-first heap   total 51200K, used 16190K [0x0000000081e00000, 0x0000000100000000)
  region size 1024K, 4 young (4096K), 4 survivors (4096K)
 Metaspace       used 25679K, committed 26176K, reserved 1114112K
  class space    used 3139K, committed 3392K, reserved 1048576K
}
Event: 3.968 GC heap before
{Heap before GC invocations=6 (full 0):
 garbage-first heap   total 51200K, used 17214K [0x0000000081e00000, 0x0000000100000000)
  region size 1024K, 5 young (5120K), 4 survivors (4096K)
 Metaspace       used 26000K, committed 26432K, reserved 1114112K
  class space    used 3173K, committed 3392K, reserved 1048576K
}
Event: 3.975 GC heap after
{Heap after GC invocations=7 (full 0):
 garbage-first heap   total 51200K, used 16510K [0x0000000081e00000, 0x0000000100000000)
  region size 1024K, 1 young (1024K), 1 survivors (1024K)
 Metaspace       used 26000K, committed 26432K, reserved 1114112K
  class space    used 3173K, committed 3392K, reserved 1048576K
}
Event: 4.639 GC heap before
{Heap before GC invocations=7 (full 0):
 garbage-first heap   total 51200K, used 33918K [0x0000000081e00000, 0x0000000100000000)
  region size 1024K, 19 young (19456K), 1 survivors (1024K)
 Metaspace       used 29415K, committed 29888K, reserved 1114112K
  class space    used 3584K, committed 3776K, reserved 1048576K
}
Event: 4.642 GC heap after
{Heap after GC invocations=8 (full 0):
 garbage-first heap   total 51200K, used 17591K [0x0000000081e00000, 0x0000000100000000)
  region size 1024K, 2 young (2048K), 2 survivors (2048K)
 Metaspace       used 29415K, committed 29888K, reserved 1114112K
  class space    used 3584K, committed 3776K, reserved 1048576K
}
Event: 5.845 GC heap before
{Heap before GC invocations=8 (full 0):
 garbage-first heap   total 51200K, used 36023K [0x0000000081e00000, 0x0000000100000000)
  region size 1024K, 21 young (21504K), 2 survivors (2048K)
 Metaspace       used 34934K, committed 35456K, reserved 1114112K
  class space    used 4239K, committed 4480K, reserved 1048576K
}
Event: 5.849 GC heap after
{Heap after GC invocations=9 (full 0):
 garbage-first heap   total 51200K, used 19158K [0x0000000081e00000, 0x0000000100000000)
  region size 1024K, 2 young (2048K), 2 survivors (2048K)
 Metaspace       used 34934K, committed 35456K, reserved 1114112K
  class space    used 4239K, committed 4480K, reserved 1048576K
}
Event: 5.952 GC heap before
{Heap before GC invocations=9 (full 0):
 garbage-first heap   total 51200K, used 21206K [0x0000000081e00000, 0x0000000100000000)
  region size 1024K, 5 young (5120K), 2 survivors (2048K)
 Metaspace       used 35551K, committed 36096K, reserved 1114112K
  class space    used 4318K, committed 4608K, reserved 1048576K
}
Event: 5.954 GC heap after
{Heap after GC invocations=10 (full 0):
 garbage-first heap   total 51200K, used 19179K [0x0000000081e00000, 0x0000000100000000)
  region size 1024K, 2 young (2048K), 2 survivors (2048K)
 Metaspace       used 35551K, committed 36096K, reserved 1114112K
  class space    used 4318K, committed 4608K, reserved 1048576K
}
Event: 6.727 GC heap before
{Heap before GC invocations=11 (full 0):
 garbage-first heap   total 51200K, used 38635K [0x0000000081e00000, 0x0000000100000000)
  region size 1024K, 21 young (21504K), 2 survivors (2048K)
 Metaspace       used 40586K, committed 41088K, reserved 1114112K
  class space    used 5116K, committed 5376K, reserved 1048576K
}
Event: 6.731 GC heap after
{Heap after GC invocations=12 (full 0):
 garbage-first heap   total 51200K, used 20531K [0x0000000081e00000, 0x0000000100000000)
  region size 1024K, 2 young (2048K), 2 survivors (2048K)
 Metaspace       used 40586K, committed 41088K, reserved 1114112K
  class space    used 5116K, committed 5376K, reserved 1048576K
}
Event: 6.770 GC heap before
{Heap before GC invocations=12 (full 0):
 garbage-first heap   total 51200K, used 21555K [0x0000000081e00000, 0x0000000100000000)
  region size 1024K, 3 young (3072K), 2 survivors (2048K)
 Metaspace       used 40904K, committed 41408K, reserved 1114112K
  class space    used 5170K, committed 5440K, reserved 1048576K
}
Event: 6.775 GC heap after
{Heap after GC invocations=13 (full 0):
 garbage-first heap   total 51200K, used 20155K [0x0000000081e00000, 0x0000000100000000)
  region size 1024K, 1 young (1024K), 1 survivors (1024K)
 Metaspace       used 40904K, committed 41408K, reserved 1114112K
  class space    used 5170K, committed 5440K, reserved 1048576K
}
Event: 7.344 GC heap before
{Heap before GC invocations=13 (full 0):
 garbage-first heap   total 51200K, used 37563K [0x0000000081e00000, 0x0000000100000000)
  region size 1024K, 19 young (19456K), 1 survivors (1024K)
 Metaspace       used 46990K, committed 47488K, reserved 1114112K
  class space    used 6042K, committed 6272K, reserved 1048576K
}

